url:  https://www.lancastercountyreportingcenters.com/drug-testing/page/50
<!DOCTYPE html>
<html><head>
<meta>
<meta>
<title>reportingcenter</title>
<meta>
<link>
<link>
<link>

    var santaBase = 'https://static.parastorage.com/services/santa/1.2271.8';
        var clientSideRender = true;
        


<link>
<link>
<link>
<link>
<link>
<meta>
<meta>
<meta>
<meta>
<meta>
<meta>
<meta>
<meta>
<meta>
<meta>
<meta>

    // BEAT MESSAGE
    try {
        window.wixBiSession = {
            initialTimestamp : Date.now(),
                        viewerSessionId: 'xxxxxxxx-xxxx-4xxx-yxxx-xxxxxxxxxxxx'.replace(/[xy]/g, function(c)
                    { var r = Math.random()*16|0, v = c == 'x' ? r : (r&amp;0x3|0x8); return v.toString(16); }
            )
                    };
        (new Image()).src = 'https://frog.wix.com/bt?src=29&amp;evid=3&amp;pn=1&amp;et=1&amp;v=1.2271.8&amp;msid=9085c950-b24f-47dc-968d-c9cf8eecd286&amp;vsi=' + wixBiSession.viewerSessionId +
                '&amp;url=' + encodeURIComponent(location.href.replace(/^http(s)?:\/\/(www\.)?/, '')) +
                '&amp;isp=1&amp;st=2&amp;ts=0&amp;c=' + wixBiSession.initialTimestamp;
    } catch (e){}
    // BEAT MESSAGE END

<!-- META DATA -->


    var serviceTopology = {"serverName":"app-jvm12a.42.wixprod.net","cacheKillerVersion":"1","staticServerUrl":"https://static.parastorage.com/","usersScriptsRoot":"https://static.parastorage.com/services/wix-users/2.660.0","biServerUrl":"https://frog.wix.com/","userServerUrl":"https://users.wix.com/","billingServerUrl":"https://premium.wix.com/","mediaRootUrl":"https://static.wixstatic.com/","logServerUrl":"https://frog.wix.com/plebs","monitoringServerUrl":"https://TODO/","usersClientApiUrl":"https://users.wix.com/wix-users","publicStaticBaseUri":"https://static.parastorage.com/services/wix-public/1.230.0","basePublicUrl":"https://www.wix.com/","postLoginUrl":"https://www.wix.com/my-account","postSignUpUrl":"https://www.wix.com/new/account","baseDomain":"wix.com","staticMediaUrl":"https://static.wixstatic.com/media","staticAudioUrl":"https://music.wixstatic.com/mp3","emailServer":"https://assets.wix.com/common-services/notification/invoke","blobUrl":"https://static.parastorage.com/wix_blob","htmlEditorUrl":"http://editor.wix.com/html","siteMembersUrl":"https://users.wix.com/wix-sm","scriptsLocationMap":{"santa-versions":"https://static.parastorage.com/services/santa-versions/1.419.0","dbsm-viewer-app":"https://static.parastorage.com/services/dbsm-viewer-app/1.78.0","wix-music-embed":"https://static.parastorage.com/services/wix-music-embed/1.26.0","santa-resources":"https://static.parastorage.com/services/santa-resources/1.2.0","wixapps":"https://static.parastorage.com/services/wixapps/2.486.0","ecommerce":"https://static.parastorage.com/services/ecommerce/1.203.0","dbsm-editor-app":"https://static.parastorage.com/services/dbsm-editor-app/1.226.0","langs":"https://static.parastorage.com/services/langs/2.568.0","automation":"https://static.parastorage.com/services/automation/1.23.0","web":"https://static.parastorage.com/services/web/2.1229.63","sitemembers":"https://static.parastorage.com/services/sm-js-sdk/1.31.0","js-wixcode-sdk":"https://static.parastorage.com/services/js-wixcode-sdk/1.129.0","tpa":"https://static.parastorage.com/services/tpa/2.1062.0","santa":"https://static.parastorage.com/services/santa/1.2271.8","skins":"https://static.parastorage.com/services/skins/2.1229.63","core":"https://static.parastorage.com/services/core/2.1229.63","ck-editor":"https://static.parastorage.com/services/ck-editor/1.87.3","bootstrap":"https://static.parastorage.com/services/bootstrap/2.1229.63"},"developerMode":false,"productionMode":true,"staticServerFallbackUrl":"https://sslstatic.wix.com/","staticVideoUrl":"https://video.wixstatic.com/","cloudStorageUrl":"https://static.wixstatic.com/","scriptsDomainUrl":"https://static.parastorage.com/","userFilesUrl":"https://static.parastorage.com/","staticHTMLComponentUrl":"https://www-lancastercountyreportingcenters-com.usrfiles.com/","secured":true,"ecommerceCheckoutUrl":"https://www.safer-checkout.com/","premiumServerUrl":"https://premium.wix.com/","appRepoUrl":"https://assets.wix.com/wix-lists-ds-webapp","digitalGoodsServerUrl":"https://dgs.wixapps.net/","wixCloudBaseDomain":"wix-code.com","mailServiceSuffix":"/_api/common-services/notification/invoke","staticVideoHeadRequestUrl":"https://storage.googleapis.com/video.wixstatic.com","protectedPageResolverUrl":"https://site-pages.wix.com/_api/wix-public-html-info-webapp/resolve_protected_page_urls","mediaUploadServerUrl":"https://files.wix.com/","publicStaticsUrl":"https://static.parastorage.com/services/wix-public/1.230.0","staticDocsUrl":"https://media.wix.com/ugd"};
    var santaModels = true;
    var rendererModel = {"metaSiteId":"9085c950-b24f-47dc-968d-c9cf8eecd286","siteInfo":{"documentType":"UGC","applicationType":"HtmlWeb","siteId":"cb4b6214-f1e8-478d-a2e8-31519cc1379d","siteTitleSEO":"reportingcenter"},"clientSpecMap":{"0":{"type":"appbuilder","applicationId":0,"appDefinitionId":"3d590cbc-4907-4cc4-b0b1-ddf2c5edf297","instanceId":"1426fcd1-2d0e-3261-17ef-3eedd71b5064","state":"Initialized"},"1005":{"type":"public","applicationId":1005,"appDefinitionId":"13707244-ccaa-a180-9ae4-664d3a833580","appDefinitionName":"Wix Hit Counter","instance":"qRrIPQsRoghXuyy0SWtPmTdH9sy3llv9k0faKYOueBY.eyJpbnN0YW5jZUlkIjoiOGNhNTA5MDYtMzY5MC00M2NlLWFjMWMtZGIzOTk3ZTJjNjcyIiwic2lnbkRhdGUiOiIyMDE3LTA1LTIwVDE2OjQ1OjA5LjU5N1oiLCJ1aWQiOm51bGwsImlwQW5kUG9ydCI6Ijk4LjE2LjIwOC4yMDAvNDk5ODQiLCJ2ZW5kb3JQcm9kdWN0SWQiOm51bGwsImRlbW9Nb2RlIjpmYWxzZSwiYWlkIjoiMTg5ZjUzN2MtYmE3Ny00MzY2LTk1ZmYtNzM2Zjg5ZDY5NGFkIiwiYmlUb2tlbiI6IjFjMjBjMDU2LTg0ZGYtMDQxMi0zYTkxLTEyZjYxOTBlMTRmNCIsInNpdGVPd25lcklkIjoiZDg0YTMxNmItZGU4Mi00OGE5LWJmZjEtZDFjNjQ1MjU4OWJmIn0","sectionPublished":true,"sectionMobilePublished":false,"sectionSeoEnabled":true,"widgets":{"13707259-eaf0-b80f-57bc-3423f704a304":{"widgetUrl":"https:\/\/hitcounter.galilcloud.wixapps.net\/","widgetId":"13707259-eaf0-b80f-57bc-3423f704a304","refreshOnWidthChange":true,"mobileUrl":"https:\/\/hitcounter.galilcloud.wixapps.net\/","published":true,"mobilePublished":true,"seoEnabled":true}},"appRequirements":{"requireSiteMembers":false},"isWixTPA":true,"installedAtDashboard":false,"permissions":{"revoked":false}},"5":{"type":"public","applicationId":5,"appDefinitionId":"14517e1a-3ff0-af98-408e-2bd6953c36a2","appDefinitionName":"Wix Chat","instance":"9rmtu-IjeKRqlbxOurCVZNVn5v96U0l8hX6hRKg7CCE.eyJpbnN0YW5jZUlkIjoiMDdhMzFiMzQtZjQ0Zi00ZDQ1LTk1Y2UtNzIzYzUxNDliMzE1Iiwic2lnbkRhdGUiOiIyMDE3LTA1LTIwVDE2OjQ1OjA5LjU5N1oiLCJ1aWQiOm51bGwsImlwQW5kUG9ydCI6Ijk4LjE2LjIwOC4yMDAvNDk5ODQiLCJ2ZW5kb3JQcm9kdWN0SWQiOm51bGwsImRlbW9Nb2RlIjpmYWxzZSwiYWlkIjoiYzgyNTUxNjUtYjI3ZC00NDc5LTg4NzQtYjBlNzVhM2Q1ODI1IiwiYmlUb2tlbiI6Ijk3MjZkMjY0LTQ2MDAtMGE5OS0wMzQzLWJiZjNkZmE1NjE5MyIsInNpdGVPd25lcklkIjoiZDg0YTMxNmItZGU4Mi00OGE5LWJmZjEtZDFjNjQ1MjU4OWJmIn0","sectionPublished":true,"sectionMobilePublished":false,"sectionSeoEnabled":true,"widgets":{"14517f3f-ffc5-eced-f592-980aaa0bbb5c":{"widgetUrl":"https:\/\/apps.wix.com\/visitors\/v1\/render\/desktop","widgetId":"14517f3f-ffc5-eced-f592-980aaa0bbb5c","refreshOnWidthChange":true,"gluedOptions":{"placement":"BOTTOM_RIGHT","verticalMargin":0.0,"horizontalMargin":0.0},"published":true,"mobilePublished":false,"seoEnabled":true,"preFetch":false}},"appRequirements":{"requireSiteMembers":false},"isWixTPA":true,"installedAtDashboard":true,"permissions":{"revoked":false}},"1001":{"type":"public","applicationId":1001,"appDefinitionId":"133bb11e-b3db-7e3b-49bc-8aa16af72cac","appDefinitionName":"Events Calendar","instance":"in0hg0qn2lFi_JWaUd_zxYk-ujQZenDQs1ilnnXZR7w.eyJpbnN0YW5jZUlkIjoiMjMxYjk4M2EtZTljNC00ZWE1LWI1NDItZDBkNjljNWM0NmM0Iiwic2lnbkRhdGUiOiIyMDE3LTA1LTIwVDE2OjQ1OjA5LjU5NloiLCJ1aWQiOm51bGwsImlwQW5kUG9ydCI6Ijk4LjE2LjIwOC4yMDAvNDk5ODQiLCJ2ZW5kb3JQcm9kdWN0SWQiOm51bGwsImRlbW9Nb2RlIjpmYWxzZSwiYWlkIjoiNzE0ZDg2MTgtZmQ4OS00YjUxLTkyYTgtZGZlMDA2YzFiNGYzIiwic2l0ZU93bmVySWQiOiJkODRhMzE2Yi1kZTgyLTQ4YTktYmZmMS1kMWM2NDUyNTg5YmYifQ","sectionPublished":true,"sectionMobilePublished":false,"sectionSeoEnabled":true,"widgets":{"133bb136-1c71-aacd-3744-564ac3e635ac":{"widgetUrl":"https:\/\/inffuse-calendar2.appspot.com\/widget.html","widgetId":"133bb136-1c71-aacd-3744-564ac3e635ac","refreshOnWidthChange":true,"mobileUrl":"https:\/\/inffuse-calendar2.appspot.com\/widget.html","published":true,"mobilePublished":true,"seoEnabled":true,"preFetch":false}},"appRequirements":{"requireSiteMembers":false},"isWixTPA":false,"installedAtDashboard":false,"permissions":{"revoked":true}},"1":{"type":"public","applicationId":1,"appDefinitionId":"13ee94c1-b635-8505-3391-97919052c16f","appDefinitionName":"Wix Invoices","instance":"CYFy4t8l-yyK9NknsTFmDqop_Tw4jkmm6JINM480pwE.eyJpbnN0YW5jZUlkIjoiZTBiMzEzNzgtZjk1NC00NzNhLThkNzItMDRjN2RjOWY1NjdjIiwic2lnbkRhdGUiOiIyMDE3LTA1LTIwVDE2OjQ1OjA5LjU5NloiLCJ1aWQiOm51bGwsImlwQW5kUG9ydCI6Ijk4LjE2LjIwOC4yMDAvNDk5ODQiLCJ2ZW5kb3JQcm9kdWN0SWQiOm51bGwsImRlbW9Nb2RlIjpmYWxzZSwiYWlkIjoiZDQ4Y2NjNTktNzk0MC00OWExLWJjYzctYmU2Njg4MzhjZDUxIiwiYmlUb2tlbiI6IjcwMzZkYTI4LTRiMWItMDBlNi0xYmZmLWNkMDg1MjczODRmYSIsInNpdGVPd25lcklkIjoiZDg0YTMxNmItZGU4Mi00OGE5LWJmZjEtZDFjNjQ1MjU4OWJmIn0","sectionPublished":true,"sectionMobilePublished":false,"sectionSeoEnabled":true,"widgets":{},"appRequirements":{"requireSiteMembers":false},"isWixTPA":true,"installedAtDashboard":true,"permissions":{"revoked":false}},"1002":{"type":"public","applicationId":1002,"appDefinitionId":"129acb44-2c8a-8314-fbc8-73d5b973a88f","appDefinitionName":"Google Event Calendar","instance":"U0znYKk8Zplb0bKSK_vjyvqLaDyz_QbOmD9ajSH9Iyo.eyJpbnN0YW5jZUlkIjoiNTU5NWIwYzktODI5OS00NDRkLTg2NDItODliNzNlNTQ5MGM3Iiwic2lnbkRhdGUiOiIyMDE3LTA1LTIwVDE2OjQ1OjA5LjU5NloiLCJ1aWQiOm51bGwsImlwQW5kUG9ydCI6Ijk4LjE2LjIwOC4yMDAvNDk5ODQiLCJ2ZW5kb3JQcm9kdWN0SWQiOm51bGwsImRlbW9Nb2RlIjpmYWxzZSwiYWlkIjoiYjI0MmIwZWItMDRiYi00MTY3LTk5YzAtYWQxOTg0M2RiMjNkIiwiYmlUb2tlbiI6ImM1MTA3OTk5LTMwZDYtMDM5MS0xMGNmLTQwNzhiMGI4NDI0MSIsInNpdGVPd25lcklkIjoiZDg0YTMxNmItZGU4Mi00OGE5LWJmZjEtZDFjNjQ1MjU4OWJmIn0","sectionPublished":true,"sectionMobilePublished":false,"sectionSeoEnabled":true,"widgets":{"129acb44-2c60-3020-5989-0f5aea90b16f":{"widgetUrl":"https:\/\/google-calendar.galilcloud.wixapps.net\/","widgetId":"129acb44-2c60-3020-5989-0f5aea90b16f","refreshOnWidthChange":true,"mobileUrl":"https:\/\/google-calendar.galilcloud.wixapps.net\/mobile","published":true,"mobilePublished":true,"seoEnabled":true,"preFetch":false}},"appRequirements":{"requireSiteMembers":false},"isWixTPA":true,"installedAtDashboard":false,"permissions":{"revoked":true}},"2":{"type":"public","applicationId":2,"appDefinitionId":"139ef4fa-c108-8f9a-c7be-d5f492a2c939","appDefinitionName":"Automated Emails","instance":"tGTlCkaRo9-uSiV_simtaH2ZRYBF3KuJ8uMg3iSzxFc.eyJpbnN0YW5jZUlkIjoiODhhY2YyNDQtYmE0Ny00ZjQ4LWJmYWYtOGNkZmU5YTY4YTg2Iiwic2lnbkRhdGUiOiIyMDE3LTA1LTIwVDE2OjQ1OjA5LjU5N1oiLCJ1aWQiOm51bGwsImlwQW5kUG9ydCI6Ijk4LjE2LjIwOC4yMDAvNDk5ODQiLCJ2ZW5kb3JQcm9kdWN0SWQiOm51bGwsImRlbW9Nb2RlIjpmYWxzZSwiYWlkIjoiOTg5NjlhMjItOWU4Yy00ZjUxLTg2MjAtODI4ZDQ2NjU4YzlkIiwiYmlUb2tlbiI6IjE4MjkzYjE0LTA4MDgtMDg5NC0yOTIyLTQ1MTA2NzRhNTgwMCIsInNpdGVPd25lcklkIjoiZDg0YTMxNmItZGU4Mi00OGE5LWJmZjEtZDFjNjQ1MjU4OWJmIn0","sectionPublished":true,"sectionMobilePublished":false,"sectionSeoEnabled":true,"widgets":{},"appRequirements":{"requireSiteMembers":false},"isWixTPA":true,"installedAtDashboard":true,"permissions":{"revoked":false}},"1000":{"type":"public","applicationId":1000,"appDefinitionId":"13322a7c-6039-ac58-86e8-48b76f901d91","appDefinitionName":"Site Search","instance":"eosD21CD7SWkplmkIfKvxEofyDUJ1xMj20oIkTY9ZT8.eyJpbnN0YW5jZUlkIjoiZThhZTJiZDAtMTU2NS00YTdhLWE1ZTUtZWY3YzZkMTdiMWU3Iiwic2lnbkRhdGUiOiIyMDE3LTA1LTIwVDE2OjQ1OjA5LjU5NloiLCJ1aWQiOm51bGwsImlwQW5kUG9ydCI6Ijk4LjE2LjIwOC4yMDAvNDk5ODQiLCJ2ZW5kb3JQcm9kdWN0SWQiOm51bGwsImRlbW9Nb2RlIjpmYWxzZSwiYWlkIjoiZGE4MDE2N2QtNGQwYS00NTA5LTk5OGUtNWY2ODFjYWNlM2I3Iiwic2l0ZU93bmVySWQiOiJkODRhMzE2Yi1kZTgyLTQ4YTktYmZmMS1kMWM2NDUyNTg5YmYifQ","sectionPublished":true,"sectionMobilePublished":false,"sectionSeoEnabled":true,"widgets":{"147f339b-3fcf-2fc5-c69b-207cd644130e":{"widgetUrl":"https:\/\/wix-instantsearchplus-ssl.akamaized.net\/wix_widget\/wix_instantsearchplus_SERP","widgetId":"147f339b-3fcf-2fc5-c69b-207cd644130e","refreshOnWidthChange":true,"mobileUrl":"https:\/\/wix-instantsearchplus-ssl.akamaized.net\/wix_widget\/wix_instantsearchplus_SERP","appPage":{"id":"search_results_page","name":"Search Results Page","defaultPage":"serp","hidden":true,"multiInstanceEnabled":false,"order":1,"indexable":false,"fullPage":false,"landingPageInMobile":false,"hideFromMenu":true},"published":false,"mobilePublished":true,"seoEnabled":true,"preFetch":true},"13322a9f-8ffc-59f0-c8fc-ca95943cb55c":{"widgetUrl":"https:\/\/wix-instantsearchplus-ssl.akamaized.net\/wix_widget\/wix_instantsearchplus_widget-V3.html?v=2.0.1","widgetId":"13322a9f-8ffc-59f0-c8fc-ca95943cb55c","refreshOnWidthChange":true,"mobileUrl":"https:\/\/wix-instantsearchplus-ssl.akamaized.net\/wix_widget\/wix_instantsearchplus_widget-V3.html?mobile=1","published":true,"mobilePublished":true,"seoEnabled":true,"preFetch":false}},"appRequirements":{"requireSiteMembers":false},"isWixTPA":false,"installedAtDashboard":true,"permissions":{"revoked":false}},"3":{"type":"public","applicationId":3,"appDefinitionId":"135c3d92-0fea-1f9d-2ba5-2a1dfb04297e","appDefinitionName":"Email Marketing","instance":"AM2QBcCyF1VII_pNmRs6r66vq_vZxoUsybFzhbfdmN8.eyJpbnN0YW5jZUlkIjoiOWQ2YzQ0MmEtZTlhNi00ODg0LTk0NzUtZTY4MzZiMTJhNThhIiwic2lnbkRhdGUiOiIyMDE3LTA1LTIwVDE2OjQ1OjA5LjU5N1oiLCJ1aWQiOm51bGwsImlwQW5kUG9ydCI6Ijk4LjE2LjIwOC4yMDAvNDk5ODQiLCJ2ZW5kb3JQcm9kdWN0SWQiOm51bGwsImRlbW9Nb2RlIjpmYWxzZSwiYWlkIjoiZjlmNDYwYWQtODExYy00ODVkLTg0OTgtNjYxZDMyMGMzM2QyIiwiYmlUb2tlbiI6IjBkZTk4ZDdhLTViZTktMGY1OC0wMmY4LTJmNGNlNWZlNzcwYyIsInNpdGVPd25lcklkIjoiZDg0YTMxNmItZGU4Mi00OGE5LWJmZjEtZDFjNjQ1MjU4OWJmIn0","sectionPublished":true,"sectionMobilePublished":false,"sectionSeoEnabled":true,"widgets":{"141995eb-c700-8487-6366-a482f7432e2b":{"widgetUrl":"https:\/\/so-feed.codev.wixapps.net\/widget","widgetId":"141995eb-c700-8487-6366-a482f7432e2b","refreshOnWidthChange":true,"mobileUrl":"https:\/\/so-feed.codev.wixapps.net\/widget","published":true,"mobilePublished":true,"seoEnabled":true,"preFetch":false}},"appRequirements":{"requireSiteMembers":false},"isWixTPA":true,"installedAtDashboard":true,"permissions":{"revoked":false}},"1003":{"type":"wixapps","applicationId":1003,"appDefinitionId":"61f33d50-3002-4882-ae86-d319c1a249ab","datastoreId":"14297310-d49d-aaa6-2d4b-2f39f5009c55","packageName":"blog","state":"Initialized","widgets":{"f72fe377-8abc-40f2-8656-89cfe00f3a22":{"widgetId":"f72fe377-8abc-40f2-8656-89cfe00f3a22","defaultHeight":300,"defaultWidth":210},"c340212a-6e2e-45cd-9dc4-58d01a5b63a7":{"widgetId":"c340212a-6e2e-45cd-9dc4-58d01a5b63a7","defaultHeight":300,"defaultWidth":210},"e000b4bf-9ff1-4e66-a0d3-d4b365ba3af5":{"widgetId":"e000b4bf-9ff1-4e66-a0d3-d4b365ba3af5","defaultHeight":400,"defaultWidth":210},"1b8c501f-ccc2-47e7-952a-47e264752614":{"widgetId":"1b8c501f-ccc2-47e7-952a-47e264752614","defaultHeight":280,"defaultWidth":916},"43c2a0a8-f224-4a29-bd19-508114831a3a":{"widgetId":"43c2a0a8-f224-4a29-bd19-508114831a3a","defaultHeight":40,"defaultWidth":210},"56ab6fa4-95ac-4391-9337-6702b8a77011":{"widgetId":"56ab6fa4-95ac-4391-9337-6702b8a77011","defaultHeight":400,"defaultWidth":210},"31c0cede-09db-4ec7-b760-d375d62101e6":{"widgetId":"31c0cede-09db-4ec7-b760-d375d62101e6","defaultHeight":600,"defaultWidth":680},"33a9f5e0-b083-4ccc-b55d-3ca5d241a6eb":{"widgetId":"33a9f5e0-b083-4ccc-b55d-3ca5d241a6eb","defaultHeight":220,"defaultWidth":210},"c7f57b50-8940-4ff1-83c6-6756d6f0a1f4":{"widgetId":"c7f57b50-8940-4ff1-83c6-6756d6f0a1f4","defaultHeight":220,"defaultWidth":210},"4de5abc5-6da2-4f97-acc3-94bb74285072":{"widgetId":"4de5abc5-6da2-4f97-acc3-94bb74285072","defaultHeight":800,"defaultWidth":800},"ea63bc0f-c09f-470c-ac9e-2a408b499f22":{"widgetId":"ea63bc0f-c09f-470c-ac9e-2a408b499f22","defaultHeight":800,"defaultWidth":800}}},"11":{"type":"sitemembers","applicationId":11,"collectionType":"Open","collectionFormFace":"Register","smcollectionId":"2f350717-3f3a-4b6d-a97d-9ecb80788239"},"4":{"type":"public","applicationId":4,"appDefinitionId":"141fbfae-511e-6817-c9f0-48993a7547d1","appDefinitionName":"Wix Engage","instance":"HyQ8KzEbQ-eGp7NfAJEbc1JV_eK_MKFPjJHHfYsLKqA.eyJpbnN0YW5jZUlkIjoiNjBkNmM0NzUtZDFkMS00Yjc1LWE3MGYtM2Y2MDlmM2E5NWYxIiwic2lnbkRhdGUiOiIyMDE3LTA1LTIwVDE2OjQ1OjA5LjU5N1oiLCJ1aWQiOm51bGwsImlwQW5kUG9ydCI6Ijk4LjE2LjIwOC4yMDAvNDk5ODQiLCJ2ZW5kb3JQcm9kdWN0SWQiOm51bGwsImRlbW9Nb2RlIjpmYWxzZSwiYWlkIjoiZmIwMTBkYWUtYjU3ZS00NTg0LWJlOWMtMDI2OGZlMTBhZTNiIiwic2l0ZU93bmVySWQiOiJkODRhMzE2Yi1kZTgyLTQ4YTktYmZmMS1kMWM2NDUyNTg5YmYifQ","sectionPublished":true,"sectionMobilePublished":false,"sectionSeoEnabled":true,"widgets":{},"appRequirements":{"requireSiteMembers":false},"isWixTPA":false,"installedAtDashboard":true,"permissions":{"revoked":false}},"1004":{"type":"public","applicationId":1004,"appDefinitionId":"12aacf69-f3fb-5334-2847-e00a8f13c12f","appDefinitionName":"123 Form Builder","instance":"Ln4skkrqVAwe06jvvxOm5nnz4YVBdBNOwysxp5DPz9o.eyJpbnN0YW5jZUlkIjoiZjdhODllNjMtYjI4Mi00M2M0LWFkYmMtYjJmNjUwMzI4YmQwIiwic2lnbkRhdGUiOiIyMDE3LTA1LTIwVDE2OjQ1OjA5LjU5N1oiLCJ1aWQiOm51bGwsImlwQW5kUG9ydCI6Ijk4LjE2LjIwOC4yMDAvNDk5ODQiLCJ2ZW5kb3JQcm9kdWN0SWQiOm51bGwsImRlbW9Nb2RlIjpmYWxzZSwiYWlkIjoiMmIxOGU4MGEtNzE5Ni00NGYwLTkyODQtZmRmM2JhMTUzNzMzIiwic2l0ZU93bmVySWQiOiJkODRhMzE2Yi1kZTgyLTQ4YTktYmZmMS1kMWM2NDUyNTg5YmYifQ","sectionPublished":true,"sectionMobilePublished":false,"sectionSeoEnabled":true,"widgets":{"12aacf69-f3be-4d15-c1f5-e10b8281822e":{"widgetUrl":"https:\/\/www.123contactform.com\/wix.php","widgetId":"12aacf69-f3be-4d15-c1f5-e10b8281822e","refreshOnWidthChange":true,"mobileUrl":"https:\/\/www.123contactform.com\/wix.php?forcemobile=1","published":true,"mobilePublished":true,"seoEnabled":true,"preFetch":false}},"appRequirements":{"requireSiteMembers":false},"isWixTPA":false,"installedAtDashboard":false,"permissions":{"revoked":true}}},"premiumFeatures":["HasDomain","ShowWixWhileLoading","AdsFree"],"geo":"USA","languageCode":"en","previewMode":false,"userId":"d84a316b-de82-48a9-bff1-d1c6452589bf","siteMetaData":{"preloader":{"uri":"","enabled":false},"adaptiveMobileOn":true,"quickActions":{"socialLinks":[],"colorScheme":"dark","configuration":{"quickActionsMenuEnabled":false,"navigationMenuEnabled":true,"phoneEnabled":false,"emailEnabled":false,"addressEnabled":false,"socialLinksEnabled":false}},"contactInfo":{"companyName":"","phone":"","fax":"","email":"","address":""}},"runningExperiments":{"sv_blogRealPagination":"new","appMarketCache":"new","sv_textLinkWhiteList":"new","sv_platform1":"new","reactAppMarketModals":"new","sv_hoverBox":"new","sv_dpages":"new","clickToAction_email":"new","sv_smSocialLoginEnabledByDefault":"new","sv_ampLinkTag":"new","connectionsData":"new","sv_mergeAggregator":"new","sv_remove_headTagsSaveDataFixer":"new","sv_blogTranslateErrorMessage":"new","sv_listsBatchRequest":"new","sv_blogRelatedPosts":"new","noDynamicModelOnFirstLoad":"new","sv_expandModeBi":"new","sv_reportPerformance":"new","clickToAction_url":"new","sv_cssDesignData":"new","useBeaconForPerformanceEvent":"new","sv_blogCountersHttpsRequest":"new","viewPortImageLoadingBi":"3000","sv_webpJPGSupport":"new","sv_addFirstTimeRenderBiEvents":"new","reactAppMarket":"new","sv_delelteItemsRecursively":"new","fontsTrackingInViewer":"new","tpaHideFromMenu":"new","sv_blogSocialCounters":"new","sv_addJsonldToHeadForSEO":"new","sv_remove_backgroundsSaveDataFixer":"new","clickToAction_phone":"new","sv_stripMigrationViewer":"new","viewPortImageLoading":"new","allowScriptTagTypeJsonOnSeoMetatag":"old","sv_fixColorOfHatulOnHover":"new","autosaveTpaSettle":"new","retryOnConcurrencyError":"new","permalinkWithoutDate":"new","ds_syncDeletedItemsFromServer":"new","sv_faviconFromServer":"new","sv_obMigrationFlow":"new","specs.users.NewLoginVelocityTemplateFT":"true","pageListNewFormat":"new","sv_blogAuthorAsALink":"new","se_ignoreBottomBottomAnchors":"new","ds_saveState":"new","packagescache":"new","fontScaling":"new","autosaveWixappsSettle":"new","sv_tpaMultiWidget":"new","operationsQAllAsync":"new","sv_sweepSorter":"new","hashPasswordOnServer":"new","remove_mobile_props_and_design_if_really_deleted":"new","sv_tpaAddChatApp":"new","sv_stripToColumnMigration":"new","sv_blogOldUrlShareFix":"new","sv_addBorderToElementBounds":"new","sv_blogNotifySocialCounters":"new","sv_blogLikeCounters":"new","sv_robotsIndexingMetaTag":"new","sv_blogNewSocialShareButtonsInTemplates":"new","sv_ignoreBottomBottomAnchors":"new","sv_allowStripToColumnMigration":"new","sv_grid":"new","sv_NewFacebookConversionPixel":"new","sv_tpaPerformanceBi":"new","sv_unpackTextMeasureByMinHeight":"new","wixCodeBinding":"new","sv_alwaysEnableMobileZoom":"new","contactFormActivity":"old"},"urlFormatModel":{"format":"slash","forbiddenPageUriSEOs":["app","apps","_api","robots.txt","sitemap.xml","feed.xml","sites"],"pageIdToResolvedUriSEO":{}},"passwordProtectedPages":[],"useSandboxInHTMLComp":false,"siteMediaToken":"eyJhbGciOiJIUzI1NiJ9.eyJpc3MiOiJhcHA6MzQ2NjQ5MDcwMDI5NzIwNiIsInN1YiI6InVzZXI6ZDg0YTMxNmItZGU4Mi00OGE5LWJmZjEtZDFjNjQ1MjU4OWJmIiwiYXVkIjoidXJuOnNlcnZpY2U6ZmlsZS51cGxvYWQiLCJleHAiOjE0OTU5MDM1MDksImlhdCI6MTQ5NTI5ODcwOSwianRpIjoiTHVmc0o4NTZQREhOUmRlMzdvbmkydyJ9.XQ8NTw2C-zHwJ3oHI1BaUDauIuscN1CiVC2yTqzcKic","pagesPlatformApplications":{},"accessiblePagesToken":"eyJhbGciOiJFUzM4NCJ9.eyJleHAiOjE0OTY1MDgzMDksImlhdCI6MTQ5NTI5ODcwOSwiZGF0YSI6IntcImlkc1wiOltcImMyNHZxXCIsXCJtYWluUGFnZVwiLFwiY2pnOVwiLFwiaTQzY3ZcIixcIm01cHFlXCIsXCJjZWU1XCIsXCJhaXFqM1wiLFwibTRtaXNcIixcImNmdmdcIl0sXCJtZXRhU2l0ZUlkXCI6XCI5MDg1Yzk1MC1iMjRmLTQ3ZGMtOTY4ZC1jOWNmOGVlY2QyODZcIn0ifQ.Je-PPoWPr9f100QfJzU6oEjlW8DmXFgTLIIq5vcAU5DEc5v6QGwqch75KlJur5bmVOjxBxRoy-d48VFpRrxElmBKy00BGwcnvBARJTx9204c4r5_3JNOIMprdvT4hpwq"};
    var publicModel = {"domain":"lancastercountyreportingcenters.com","externalBaseUrl":"https:\/\/www.lancastercountyreportingcenters.com\/","unicodeExternalBaseUrl":"https:\/\/www.lancastercountyreportingcenters.com\/","pageList":{"pages":[{"pageId":"c24vq","title":"Contact","pageUriSEO":"contact","pageJsonFileName":"d84a31_918aaf51cca552bb94798de9a2d8a201_288.json"},{"pageId":"mainPage","title":"Home","pageUriSEO":"home","pageJsonFileName":"d84a31_de685b3ca64d60df226a9499a99a894f_300.json"},{"pageId":"cjg9","title":"About us","pageUriSEO":"about_us","pageJsonFileName":"d84a31_9aa5bcea049b3ebf8aecfde06e513618_228.json"},{"pageId":"i43cv","title":"Single Post","pageUriSEO":"single-post","pageJsonFileName":"d84a31_e159b299a4dab73c2663c4ebf457ee67_228.json"},{"pageId":"m5pqe","title":"Pro-social Activities","pageUriSEO":"pro-social-activities","pageJsonFileName":"d84a31_e393fc6681c764d7b1813b0f1241c741_298.json"},{"pageId":"cee5","title":"Programs\/Class Schedule","pageUriSEO":"programs-class-schedule","pageJsonFileName":"d84a31_965b0d80812c4592d649b68e1c0c6ba9_301.json"},{"pageId":"aiqj3","title":"Drug Testing","pageUriSEO":"drug-testing","pageJsonFileName":"d84a31_e0ecaf60e7fdb253a66aab318d128d20_228.json"},{"pageId":"m4mis","title":"Update Information","pageUriSEO":"update-information","pageJsonFileName":"d84a31_82a028800d626e6af0cc9e52dee516e1_228.json"},{"pageId":"cfvg","title":"Community Resources","pageUriSEO":"community-resources","pageJsonFileName":"d84a31_483afc5eb4e466b4219c72a692712047_291.json"}],"mainPageId":"mainPage","masterPageJsonFileName":"d84a31_407a0e1e3854879e9f246cbc6c9e45b0_301.json","topology":[{"baseUrl":"https:\/\/static.wixstatic.com\/","parts":"sites\/{filename}.z?v=3"},{"baseUrl":"https:\/\/staticorigin.wixstatic.com\/","parts":"sites\/{filename}.z?v=3"},{"baseUrl":"https:\/\/www.lancastercountyreportingcenters.com\/","parts":"sites\/{filename}.z?v=3"},{"baseUrl":"https:\/\/fallback.wix.com\/","parts":"wix-html-editor-pages-webapp\/page\/{filename}"}]},"timeSincePublish":179048315,"favicon":"","deviceInfo":{"deviceType":"Other","browserType":"Bot","browserVersion":0},"siteRevision":301,"sessionInfo":{"hs":-1257219771,"svSession":"7b68abbf7f61fbbeee57564ac08be7aff3ccc4b8a80ea2d75c30be2d049446addab2a7fb40e30fd5b6652a65b4e331e01e60994d53964e647acf431e4f798bcd91cfe558142674e81b78631f965b6d0a8b83662513525fed84ba23517145f739","ctToken":"UHFUS0FSLUFvazZUeVhMbGdYMDhaUmprYTVvclFRckRrYjF2YmZpZTBjOHx7InVzZXJBZ2VudCI6Ik1vemlsbGEvNS4wIChNYWNpbnRvc2g7IEludGVsIE1hYyBPUyBYKSBBcHBsZVdlYktpdC81MzguMSAoS0hUTUwsIGxpa2UgR2Vja28pIFBoYW50b21KUy8yLjEuMSBTYWZhcmkvNTM4LjEiLCJ2YWxpZFRocm91Z2giOjE0OTU5MDM1MDk1OTZ9","isAnonymous":false},"metaSiteFlags":[],"siteMembersProtectedPages":[],"indexable":true,"hasBlogAmp":false};

    

    var googleAnalytics = ""
    ;

    var googleRemarketing = "";
    var facebookRemarketing = "";
    var yandexMetrika = "";


<meta>
<!-- DATA -->

    var adData = {};
    var mobileAdData = {};
    var usersDomain = "https://users.wix.com/wix-users";
        
html, body, div, span, applet, object, iframe,
h1, h2, h3, h4, h5, h6, p, blockquote, pre,
a, abbr, acronym, address, big, cite, code,
del, dfn, em, font, img, ins, kbd, q, s, samp,
small, strike, strong, sub, sup, tt, var,
b, u, i, center,
dl, dt, dd, ol, ul, li,
fieldset, form, label, legend,
table, caption, tbody, tfoot, thead, tr, th, td {
  margin: 0;
  padding: 0;
  border: 0;
  outline: 0;
  vertical-align: baseline;
  background: transparent; }

body {
  font-size: 10px;
  font-family: Arial, Helvetica, sans-serif; }

textarea, input, select {
  font-family: Helvetica, Arial, sans-serif;
  box-sizing: border-box; }

ol, ul {
  list-style: none; }

blockquote, q {
  quotes: none; }

:focus {
  outline: 0; }

ins {
  text-decoration: none; }

del {
  text-decoration: line-through; }

table {
  border-collapse: collapse;
  border-spacing: 0; }

a {
  cursor: pointer;
  text-decoration: none; }

html, body {
  height: 100%; }

body {
  overflow-x: auto;
  overflow-y: scroll; }

.testStyles {
  overflow-y: hidden; }

.wixSiteProperties {
  -webkit-font-smoothing: antialiased;
  -moz-osx-font-smoothing: grayscale;
  overflow: hidden; }

.SITE_ROOT {
  min-height: 100%;
  position: relative;
  margin: 0 auto; }

.POPUPS_ROOT {
  left: 0;
  top: 0;
  width: 100%;
  height: 100%;
  overflow-x: auto;
  overflow-y: scroll;
  position: fixed;
  z-index: 99999; }
  .POPUPS_ROOT.mobile {
    z-index: 1005;
    -webkit-overflow-scrolling: touch; }

.POPUPS_WRAPPER {
  position: relative;
  overflow: hidden; }
  .POPUPS_WRAPPER &gt; div {
    /* page */
    margin: 0 auto; }

.auto-generated-link {
  color: inherit; }

.warmup .hidden-on-warmup {
  visibility: hidden; }

html.device-phone body {
  overflow-y: auto; }

html.device-mobile-optimized.device-android {
  margin-bottom: 1px; }

html.device-mobile-optimized.blockSiteScrolling &gt; body {
  position: fixed;
  width: 100%; }

html.device-mobile-optimized.media-zoom-mode &gt; body {
  touch-action: manipulation; }
  html.device-mobile-optimized.media-zoom-mode &gt; body &gt; #SITE_CONTAINER {
    height: 100%;
    overflow: hidden; }
    html.device-mobile-optimized.media-zoom-mode &gt; body &gt; #SITE_CONTAINER &gt; .noop {
      height: 100%; }
      html.device-mobile-optimized.media-zoom-mode &gt; body &gt; #SITE_CONTAINER &gt; .noop &gt; .siteAspectsContainer {
        height: 100%;
        z-index: 1005; }

.siteAspectsContainer {
  position: absolute;
  top: 0;
  margin: 0 auto;
  left: 0;
  right: 0; }

body.device-mobile-optimized {
  overflow-x: hidden;
  overflow-y: scroll; }
  body.device-mobile-optimized.qa-mode {
    overflow-y: auto; }
  body.device-mobile-optimized #SITE_CONTAINER {
    width: 320px;
    overflow-x: visible;
    margin: 0 auto;
    position: relative; }
  body.device-mobile-optimized &gt; * {
    max-width: 100% !important; }
  body.device-mobile-optimized .SITE_ROOT {
    overflow-x: hidden;
    overflow-y: hidden; }

body.device-mobile-non-optimized #SITE_CONTAINER &gt; :not(.mobile-non-optimized-overflow) .SITE_ROOT {
  overflow-x: hidden;
  overflow-y: auto; }

body.device-mobile-non-optimized.fullScreenMode {
  background-color: #5f6360; }
  body.device-mobile-non-optimized.fullScreenMode .SITE_ROOT,
  body.device-mobile-non-optimized.fullScreenMode #SITE_BACKGROUND,
  body.device-mobile-non-optimized.fullScreenMode #MOBILE_ACTIONS_MENU {
    visibility: hidden; }

body.fullScreenMode {
  overflow-x: hidden !important;
  overflow-y: hidden !important; }
  body.fullScreenMode.device-mobile-optimized #TINY_MENU {
    opacity: 0;
    pointer-events: none; }

body.fullScreenMode-scrollable.device-mobile-optimized {
  overflow-x: hidden !important;
  overflow-y: auto !important; }
  body.fullScreenMode-scrollable.device-mobile-optimized .SITE_ROOT,
  body.fullScreenMode-scrollable.device-mobile-optimized #masterPage {
    overflow-x: hidden !important;
    overflow-y: hidden !important; }
  body.fullScreenMode-scrollable.device-mobile-optimized #masterPage,
  body.fullScreenMode-scrollable.device-mobile-optimized #SITE_BACKGROUND {
    height: auto !important; }

.fullScreenOverlay {
  z-index: 1005;
  position: fixed;
  left: 0;
  top: -60px;
  right: 0;
  bottom: 0;
  display: -webkit-box;
  display: -webkit-flex;
  display: flex;
  -webkit-box-pack: center;
  -webkit-justify-content: center;
          justify-content: center;
  overflow-y: hidden; }
  .fullScreenOverlay &gt; .fullScreenOverlayContent {
    margin: 0 auto;
    position: absolute;
    right: 0;
    top: 60px;
    left: 0;
    bottom: 0;
    overflow: hidden;
    -webkit-transform: translateZ(0);
            transform: translateZ(0); }

.mobile-actions-menu-wrapper {
  z-index: 1000; }

body[contenteditable] {
  overflow-x: auto;
  overflow-y: auto; }

.bold {
  font-weight: bold; }

.italic {
  font-style: italic; }

.underline {
  text-decoration: underline; }

.lineThrough {
  text-decoration: line-through; }

.singleLineText {
  white-space: nowrap;
  text-overflow: ellipsis; }

.alignLeft {
  text-align: left; }

.alignCenter {
  text-align: center; }

.alignRight {
  text-align: right; }

.alignJustify {
  text-align: justify; }

ul.font_100, ol.font_100 {
  color: #080808;
  font-family: 'Arial, Helvetica, sans-serif', serif;
  font-size: 10px;
  font-style: normal;
  font-variant: normal;
  font-weight: normal;
  margin: 0;
  text-decoration: none;
  line-height: normal;
  letter-spacing: normal; }
  ul.font_100 li, ol.font_100 li {
    margin-bottom: 12px; }

letter {
  position: relative;
  display: inline-block; }

word {
  display: inline-block;
  white-space: nowrap; }

word.space,
letter.space {
  display: inline; }

ol.wix-list-text-align, ul.wix-list-text-align {
  list-style-position: inside; }
  ol.wix-list-text-align p, ol.wix-list-text-align h1, ol.wix-list-text-align h2, ol.wix-list-text-align h3, ol.wix-list-text-align h4, ol.wix-list-text-align h5, ol.wix-list-text-align h6, ul.wix-list-text-align p, ul.wix-list-text-align h1, ul.wix-list-text-align h2, ul.wix-list-text-align h3, ul.wix-list-text-align h4, ul.wix-list-text-align h5, ul.wix-list-text-align h6 {
    display: inline; }

.wixapps-less-spacers-align.ltr {
  text-align: left; }

.wixapps-less-spacers-align.center {
  text-align: center; }

.wixapps-less-spacers-align.rtl {
  text-align: right; }

.wixapps-less-spacers-align &gt; div,
.wixapps-less-spacers-align &gt; a {
  display: inline-block !important; }

.flex_display {
  display: -webkit-box;
  display: -webkit-flex;
  display: flex; }

.flex_vbox {
  box-sizing: border-box;
  padding-top: 0.01em;
  padding-bottom: 0.01em; }

a.wixAppsLink img {
  cursor: pointer; }

.singleLine {
  white-space: nowrap;
  display: block;
  overflow: hidden;
  text-overflow: ellipsis;
  word-wrap: normal; }

[data-z-counter] {
  z-index: 0; }

[data-z-counter="0"] {
  z-index: auto; }

.circle-preloader {
  -webkit-animation: semi-rotate 1s 1ms linear infinite;
          animation: semi-rotate 1s 1ms linear infinite;
  height: 30px;
  left: 50%;
  margin-left: -15px;
  margin-top: -15px;
  overflow: hidden;
  position: absolute;
  top: 50%;
  -webkit-transform-origin: 100% 50%;
          transform-origin: 100% 50%;
  width: 15px; }
  .circle-preloader::before {
    content: '';
    top: 0;
    left: 0;
    right: -100%;
    bottom: 0;
    border: 3px solid currentColor;
    border-color: currentColor transparent transparent currentColor;
    border-radius: 50%;
    position: absolute;
    -webkit-transform: rotate(-45deg);
            transform: rotate(-45deg);
    -webkit-animation: inner-rotate 0.5s 1ms linear infinite alternate;
            animation: inner-rotate 0.5s 1ms linear infinite alternate;
    color: #7fccf7; }
  .circle-preloader::after {
    content: '';
    top: 0;
    left: 0;
    right: -100%;
    bottom: 0;
    border: 3px solid currentColor;
    border-color: currentColor transparent transparent currentColor;
    border-radius: 50%;
    position: absolute;
    -webkit-transform: rotate(-45deg);
            transform: rotate(-45deg);
    -webkit-animation: inner-rotate 0.5s 1ms linear infinite alternate;
            animation: inner-rotate 0.5s 1ms linear infinite alternate;
    color: #3899ec;
    opacity: 0; }
  .circle-preloader.white::before {
    color: #f0f0f0; }
  .circle-preloader.white::after {
    color: #dcdcdc; }

@-webkit-keyframes inner-rotate {
  to {
    opacity: 1;
    -webkit-transform: rotate(115deg);
            transform: rotate(115deg); } }

@keyframes inner-rotate {
  to {
    opacity: 1;
    -webkit-transform: rotate(115deg);
            transform: rotate(115deg); } }

@-webkit-keyframes semi-rotate {
  from {
    -webkit-animation-timing-function: ease-out;
            animation-timing-function: ease-out;
    -webkit-transform: rotate(180deg);
            transform: rotate(180deg); }
  45% {
    -webkit-transform: rotate(198deg);
            transform: rotate(198deg); }
  55% {
    -webkit-transform: rotate(234deg);
            transform: rotate(234deg); }
  to {
    -webkit-transform: rotate(540deg);
            transform: rotate(540deg); } }

@keyframes semi-rotate {
  from {
    -webkit-animation-timing-function: ease-out;
            animation-timing-function: ease-out;
    -webkit-transform: rotate(180deg);
            transform: rotate(180deg); }
  45% {
    -webkit-transform: rotate(198deg);
            transform: rotate(198deg); }
  55% {
    -webkit-transform: rotate(234deg);
            transform: rotate(234deg); }
  to {
    -webkit-transform: rotate(540deg);
            transform: rotate(540deg); } }

.hidden-comp-ghost-mode {
  opacity: 0.5; }

.collapsed-comp-mode::after {
  position: absolute;
  top: 0;
  bottom: 0;
  left: 0;
  right: 0;
  content: '';
  background: -webkit-repeating-linear-gradient(135deg, transparent, transparent 49%, #2b5672 40%, #2b5672 40%, transparent 51%);
  background: repeating-linear-gradient(-45deg, transparent, transparent 49%, #2b5672 40%, #2b5672 40%, transparent 51%);
  background-size: 6px 6px;
  background-repeat: repeat; }

.g-transparent-a:link, .g-transparent-a:visited {
  border-color: transparent; }

.transitioning-comp * {
  transition: inherit !important;
  -webkit-transition: inherit !important; }

.selectionSharerContainer {
  position: absolute;
  background-color: #ffffff;
  box-shadow: 0px 4px 10px 0px rgba(57, 86, 113, 0.24);
  width: 142px;
  height: 45px;
  border-radius: 100px;
  text-align: center; }
  .selectionSharerContainer:after {
    content: "";
    position: absolute;
    bottom: -10px;
    left: 42%;
    /*controls horizontal position */
    border-width: 10px 10px 0;
    /* vary these values to change the angle of the vertex */
    border-style: solid;
    border-color: #ffffff transparent;
    /* reduce the damage in FF3.0 */
    display: block;
    width: 0; }
  .selectionSharerContainer .selectionSharerOption {
    display: inline-block;
    cursor: pointer;
    vertical-align: top;
    padding: 13px 11px 11px 13px;
    margin: 1px;
    z-index: -1; }
  .selectionSharerContainer .selectionSharerVerticalSeparator {
    margin-top: 9px;
    margin-bottom: 18px;
    background-color: #eaf7ff;
    height: 26px;
    width: 1px;
    display: inline-block; }
/*# sourceMappingURL=viewer.css.map */<link><link/></link></meta></meta></meta></meta></meta></meta></meta></meta></meta></meta></meta></meta></link></link></link></link></link></link></link></link></meta></meta></meta></head>
<body>

<!-- No Footer -->
</body></html>
